
[0mpintos -v -k -T 60 --qemu  --filesys-size=2 -p tests/vm/pt-grow-stack -a pt-grow-stack --swap-size=4 -- -q  -f run pt-grow-stack < /dev/null 2> tests/vm/pt-grow-stack.errors > tests/vm/pt-grow-stack.output
perl -I../.. ../../tests/vm/pt-grow-stack.ck tests/vm/pt-grow-stack tests/vm/pt-grow-stack.result
[32mpass tests/vm/pt-grow-stack
[0mpintos -v -k -T 60 --qemu  --filesys-size=2 -p tests/vm/pt-grow-pusha -a pt-grow-pusha --swap-size=4 -- -q  -f run pt-grow-pusha < /dev/null 2> tests/vm/pt-grow-pusha.errors > tests/vm/pt-grow-pusha.output
perl -I../.. ../../tests/vm/pt-grow-pusha.ck tests/vm/pt-grow-pusha tests/vm/pt-grow-pusha.result
[32mpass tests/vm/pt-grow-pusha
[0mpintos -v -k -T 60 --qemu  --filesys-size=2 -p tests/vm/pt-grow-bad -a pt-grow-bad --swap-size=4 -- -q  -f run pt-grow-bad < /dev/null 2> tests/vm/pt-grow-bad.errors > tests/vm/pt-grow-bad.output
perl -I../.. ../../tests/vm/pt-grow-bad.ck tests/vm/pt-grow-bad tests/vm/pt-grow-bad.result
[32mpass tests/vm/pt-grow-bad
[0mpintos -v -k -T 60 --qemu  --filesys-size=2 -p tests/vm/pt-big-stk-obj -a pt-big-stk-obj --swap-size=4 -- -q  -f run pt-big-stk-obj < /dev/null 2> tests/vm/pt-big-stk-obj.errors > tests/vm/pt-big-stk-obj.output
perl -I../.. ../../tests/vm/pt-big-stk-obj.ck tests/vm/pt-big-stk-obj tests/vm/pt-big-stk-obj.result
[32mpass tests/vm/pt-big-stk-obj
[0mpintos -v -k -T 60 --qemu  --filesys-size=2 -p tests/vm/pt-bad-addr -a pt-bad-addr --swap-size=4 -- -q  -f run pt-bad-addr < /dev/null 2> tests/vm/pt-bad-addr.errors > tests/vm/pt-bad-addr.output
perl -I../.. ../../tests/vm/pt-bad-addr.ck tests/vm/pt-bad-addr tests/vm/pt-bad-addr.result
[32mpass tests/vm/pt-bad-addr
[0mpintos -v -k -T 60 --qemu  --filesys-size=2 -p tests/vm/pt-bad-read -a pt-bad-read -p ../../tests/vm/sample.txt -a sample.txt --swap-size=4 -- -q  -f run pt-bad-read < /dev/null 2> tests/vm/pt-bad-read.errors > tests/vm/pt-bad-read.output
perl -I../.. ../../tests/vm/pt-bad-read.ck tests/vm/pt-bad-read tests/vm/pt-bad-read.result
[32mpass tests/vm/pt-bad-read
[0mpintos -v -k -T 60 --qemu  --filesys-size=2 -p tests/vm/pt-write-code -a pt-write-code --swap-size=4 -- -q  -f run pt-write-code < /dev/null 2> tests/vm/pt-write-code.errors > tests/vm/pt-write-code.output
perl -I../.. ../../tests/vm/pt-write-code.ck tests/vm/pt-write-code tests/vm/pt-write-code.result
[31mFAIL tests/vm/pt-write-code
[0mrun: writing the code segment succeeded: FAILED
pintos -v -k -T 60 --qemu  --filesys-size=2 -p tests/vm/pt-write-code2 -a pt-write-code2 -p ../../tests/vm/sample.txt -a sample.txt --swap-size=4 -- -q  -f run pt-write-code2 < /dev/null 2> tests/vm/pt-write-code2.errors > tests/vm/pt-write-code2.output
perl -I../.. ../../tests/vm/pt-write-code2.ck tests/vm/pt-write-code2 tests/vm/pt-write-code2.result
[31mFAIL tests/vm/pt-write-code2
[0mrun: survived reading data into code segment: FAILED
pintos -v -k -T 60 --qemu  --filesys-size=2 -p tests/vm/pt-grow-stk-sc -a pt-grow-stk-sc --swap-size=4 -- -q  -f run pt-grow-stk-sc < /dev/null 2> tests/vm/pt-grow-stk-sc.errors > tests/vm/pt-grow-stk-sc.output
perl -I../.. ../../tests/vm/pt-grow-stk-sc.ck tests/vm/pt-grow-stk-sc tests/vm/pt-grow-stk-sc.result
[32mpass tests/vm/pt-grow-stk-sc
[0mpintos -v -k -T 300 --qemu  --filesys-size=2 -p tests/vm/page-linear -a page-linear --swap-size=4 -- -q  -f run page-linear < /dev/null 2> tests/vm/page-linear.errors > tests/vm/page-linear.output
perl -I../.. ../../tests/vm/page-linear.ck tests/vm/page-linear tests/vm/page-linear.result
[31mFAIL tests/vm/page-linear
[0mKernel panic in run: PANIC at ../../vm/frame.c:125 in frame_get_used_frame(): assertion `false' failed.
Call stack: 0xc002c5f9 0xc0034556 0xc0034251 0xc0034e17 0xc0030c9a 0xc0022eb7 0xc002312c 0x804a492 0x80480b1 0x8048aed 0x8048b2e
Translation of call stack:
In kernel.o:
0xc002c5f9: debug_panic (.../../lib/kernel/debug.c:38)
0xc0034556: frame_current_clock_to_next (...uild/../../vm/frame.c:141)
0xc0034251: frame_get_frame (...build/../../vm/frame.c:59)
0xc0034e17: page_page_fault_handler (...build/../../vm/page.c:153)
0xc0030c9a: page_fault (...n.c:157 (discriminator 5))
0xc0022eb7: intr_handler (..../threads/interrupt.c:367)
0xc002312c: intr_entry (threads/intr-stubs.S:38)
In tests/vm/page-linear:
0x0804a492: memset (...ld/../../lib/string.c:286)
0x080480b1: test_main (...tests/vm/page-linear.c:21)
0x08048aed: main (...ild/../../tests/main.c:13)
0x08048b2e: _start (.../../../lib/user/entry.c:9)
Translations of user virtual addresses above are based on a guess at
the binary to use.  If this guess is incorrect, then those
translations will be misleading.
pintos -v -k -T 60 --qemu  --filesys-size=2 -p tests/vm/page-parallel -a page-parallel -p tests/vm/child-linear -a child-linear --swap-size=4 -- -q  -f run page-parallel < /dev/null 2> tests/vm/page-parallel.errors > tests/vm/page-parallel.output
perl -I../.. ../../tests/vm/page-parallel.ck tests/vm/page-parallel tests/vm/page-parallel.result
[32mpass tests/vm/page-parallel
[0mpintos -v -k -T 600 --qemu  --filesys-size=2 -p tests/vm/page-merge-seq -a page-merge-seq -p tests/vm/child-sort -a child-sort --swap-size=4 -- -q  -f run page-merge-seq < /dev/null 2> tests/vm/page-merge-seq.errors > tests/vm/page-merge-seq.output
perl -I../.. ../../tests/vm/page-merge-seq.ck tests/vm/page-merge-seq tests/vm/page-merge-seq.result
[31mFAIL tests/vm/page-merge-seq
[0mKernel panic in run: PANIC at ../../vm/frame.c:125 in frame_get_used_frame(): assertion `false' failed.
Call stack: 0xc002c5f9 0xc0034556 0xc0034251 0xc0034e17 0xc0030c9a 0xc0022eb7 0xc002312c 0x8048385 0x80484ce 0x8048ddb 0x8048e1c
Translation of call stack:
In kernel.o:
0xc002c5f9: debug_panic (.../../lib/kernel/debug.c:38)
0xc0034556: frame_current_clock_to_next (...uild/../../vm/frame.c:141)
0xc0034251: frame_get_frame (...build/../../vm/frame.c:59)
0xc0034e17: page_page_fault_handler (...build/../../vm/page.c:153)
0xc0030c9a: page_fault (...n.c:157 (discriminator 5))
0xc0022eb7: intr_handler (..../threads/interrupt.c:367)
0xc002312c: intr_entry (threads/intr-stubs.S:38)
In tests/vm/page-merge-seq:
0x08048385: merge (...ts/vm/page-merge-seq.c:98)
0x080484ce: test_main (...s/vm/page-merge-seq.c:136)
0x08048ddb: main (...ild/../../tests/main.c:13)
0x08048e1c: _start (.../../../lib/user/entry.c:9)
Translations of user virtual addresses above are based on a guess at
the binary to use.  If this guess is incorrect, then those
translations will be misleading.
pintos -v -k -T 600 --qemu  --filesys-size=2 -p tests/vm/page-merge-par -a page-merge-par -p tests/vm/child-sort -a child-sort --swap-size=4 -- -q  -f run page-merge-par < /dev/null 2> tests/vm/page-merge-par.errors > tests/vm/page-merge-par.output
perl -I../.. ../../tests/vm/page-merge-par.ck tests/vm/page-merge-par tests/vm/page-merge-par.result
[31mFAIL tests/vm/page-merge-par
[0mrun: open "buf0": FAILED
pintos -v -k -T 60 --qemu  --filesys-size=2 -p tests/vm/page-merge-stk -a page-merge-stk -p tests/vm/child-qsort -a child-qsort --swap-size=4 -- -q  -f run page-merge-stk < /dev/null 2> tests/vm/page-merge-stk.errors > tests/vm/page-merge-stk.output
perl -I../.. ../../tests/vm/page-merge-stk.ck tests/vm/page-merge-stk tests/vm/page-merge-stk.result
[31mFAIL tests/vm/page-merge-stk
[0mrun: open "buf0": FAILED
pintos -v -k -T 60 --qemu  --filesys-size=2 -p tests/vm/page-merge-mm -a page-merge-mm -p tests/vm/child-qsort-mm -a child-qsort-mm --swap-size=4 -- -q  -f run page-merge-mm < /dev/null 2> tests/vm/page-merge-mm.errors > tests/vm/page-merge-mm.output
perl -I../.. ../../tests/vm/page-merge-mm.ck tests/vm/page-merge-mm tests/vm/page-merge-mm.result
[31mFAIL tests/vm/page-merge-mm
[0mrun: open "buf0": FAILED
pintos -v -k -T 600 --qemu  --filesys-size=2 -p tests/vm/page-shuffle -a page-shuffle --swap-size=4 -- -q  -f run page-shuffle < /dev/null 2> tests/vm/page-shuffle.errors > tests/vm/page-shuffle.output
perl -I../.. ../../tests/vm/page-shuffle.ck tests/vm/page-shuffle tests/vm/page-shuffle.result
[32mpass tests/vm/page-shuffle
[0mpintos -v -k -T 60 --qemu  --filesys-size=2 -p tests/vm/mmap-read -a mmap-read -p ../../tests/vm/sample.txt -a sample.txt --swap-size=4 -- -q  -f run mmap-read < /dev/null 2> tests/vm/mmap-read.errors > tests/vm/mmap-read.output
perl -I../.. ../../tests/vm/mmap-read.ck tests/vm/mmap-read tests/vm/mmap-read.result
[32mpass tests/vm/mmap-read
[0mpintos -v -k -T 60 --qemu  --filesys-size=2 -p tests/vm/mmap-close -a mmap-close -p ../../tests/vm/sample.txt -a sample.txt --swap-size=4 -- -q  -f run mmap-close < /dev/null 2> tests/vm/mmap-close.errors > tests/vm/mmap-close.output
perl -I../.. ../../tests/vm/mmap-close.ck tests/vm/mmap-close tests/vm/mmap-close.result
[31mFAIL tests/vm/mmap-close
[0mrun: read of mmap'd file reported bad data: FAILED
pintos -v -k -T 60 --qemu  --filesys-size=2 -p tests/vm/mmap-unmap -a mmap-unmap -p ../../tests/vm/sample.txt -a sample.txt --swap-size=4 -- -q  -f run mmap-unmap < /dev/null 2> tests/vm/mmap-unmap.errors > tests/vm/mmap-unmap.output
perl -I../.. ../../tests/vm/mmap-unmap.ck tests/vm/mmap-unmap tests/vm/mmap-unmap.result
[32mpass tests/vm/mmap-unmap
[0mdd if=/dev/zero of=tests/vm/zeros bs=1024 count=6
pintos -v -k -T 60 --qemu  --filesys-size=2 -p tests/vm/mmap-overlap -a mmap-overlap -p tests/vm/zeros -a zeros --swap-size=4 -- -q  -f run mmap-overlap < /dev/null 2> tests/vm/mmap-overlap.errors > tests/vm/mmap-overlap.output
perl -I../.. ../../tests/vm/mmap-overlap.ck tests/vm/mmap-overlap tests/vm/mmap-overlap.result
[32mpass tests/vm/mmap-overlap
[0mpintos -v -k -T 60 --qemu  --filesys-size=2 -p tests/vm/mmap-twice -a mmap-twice -p ../../tests/vm/sample.txt -a sample.txt --swap-size=4 -- -q  -f run mmap-twice < /dev/null 2> tests/vm/mmap-twice.errors > tests/vm/mmap-twice.output
perl -I../.. ../../tests/vm/mmap-twice.ck tests/vm/mmap-twice tests/vm/mmap-twice.result
[32mpass tests/vm/mmap-twice
[0mpintos -v -k -T 60 --qemu  --filesys-size=2 -p tests/vm/mmap-write -a mmap-write --swap-size=4 -- -q  -f run mmap-write < /dev/null 2> tests/vm/mmap-write.errors > tests/vm/mmap-write.output
perl -I../.. ../../tests/vm/mmap-write.ck tests/vm/mmap-write tests/vm/mmap-write.result
[32mpass tests/vm/mmap-write
[0mpintos -v -k -T 60 --qemu  --filesys-size=2 -p tests/vm/mmap-exit -a mmap-exit -p tests/vm/child-mm-wrt -a child-mm-wrt --swap-size=4 -- -q  -f run mmap-exit < /dev/null 2> tests/vm/mmap-exit.errors > tests/vm/mmap-exit.output
perl -I../.. ../../tests/vm/mmap-exit.ck tests/vm/mmap-exit tests/vm/mmap-exit.result
[32mpass tests/vm/mmap-exit
[0mpintos -v -k -T 600 --qemu  --filesys-size=2 -p tests/vm/mmap-shuffle -a mmap-shuffle --swap-size=4 -- -q  -f run mmap-shuffle < /dev/null 2> tests/vm/mmap-shuffle.errors > tests/vm/mmap-shuffle.output
perl -I../.. ../../tests/vm/mmap-shuffle.ck tests/vm/mmap-shuffle tests/vm/mmap-shuffle.result
[32mpass tests/vm/mmap-shuffle
[0mpintos -v -k -T 60 --qemu  --filesys-size=2 -p tests/vm/mmap-bad-fd -a mmap-bad-fd --swap-size=4 -- -q  -f run mmap-bad-fd < /dev/null 2> tests/vm/mmap-bad-fd.errors > tests/vm/mmap-bad-fd.output
perl -I../.. ../../tests/vm/mmap-bad-fd.ck tests/vm/mmap-bad-fd tests/vm/mmap-bad-fd.result
[32mpass tests/vm/mmap-bad-fd
[0mpintos -v -k -T 60 --qemu  --filesys-size=2 -p tests/vm/mmap-clean -a mmap-clean -p ../../tests/vm/sample.txt -a sample.txt --swap-size=4 -- -q  -f run mmap-clean < /dev/null 2> tests/vm/mmap-clean.errors > tests/vm/mmap-clean.output
perl -I../.. ../../tests/vm/mmap-clean.ck tests/vm/mmap-clean tests/vm/mmap-clean.result
[32mpass tests/vm/mmap-clean
[0mpintos -v -k -T 60 --qemu  --filesys-size=2 -p tests/vm/mmap-inherit -a mmap-inherit -p ../../tests/vm/sample.txt -a sample.txt -p tests/vm/child-inherit -a child-inherit --swap-size=4 -- -q  -f run mmap-inherit < /dev/null 2> tests/vm/mmap-inherit.errors > tests/vm/mmap-inherit.output
perl -I../.. ../../tests/vm/mmap-inherit.ck tests/vm/mmap-inherit tests/vm/mmap-inherit.result
[32mpass tests/vm/mmap-inherit
[0mpintos -v -k -T 60 --qemu  --filesys-size=2 -p tests/vm/mmap-misalign -a mmap-misalign -p ../../tests/vm/sample.txt -a sample.txt --swap-size=4 -- -q  -f run mmap-misalign < /dev/null 2> tests/vm/mmap-misalign.errors > tests/vm/mmap-misalign.output
perl -I../.. ../../tests/vm/mmap-misalign.ck tests/vm/mmap-misalign tests/vm/mmap-misalign.result
[32mpass tests/vm/mmap-misalign
[0mpintos -v -k -T 60 --qemu  --filesys-size=2 -p tests/vm/mmap-null -a mmap-null -p ../../tests/vm/sample.txt -a sample.txt --swap-size=4 -- -q  -f run mmap-null < /dev/null 2> tests/vm/mmap-null.errors > tests/vm/mmap-null.output
perl -I../.. ../../tests/vm/mmap-null.ck tests/vm/mmap-null tests/vm/mmap-null.result
[32mpass tests/vm/mmap-null
[0mpintos -v -k -T 60 --qemu  --filesys-size=2 -p tests/vm/mmap-over-code -a mmap-over-code -p ../../tests/vm/sample.txt -a sample.txt --swap-size=4 -- -q  -f run mmap-over-code < /dev/null 2> tests/vm/mmap-over-code.errors > tests/vm/mmap-over-code.output
perl -I../.. ../../tests/vm/mmap-over-code.ck tests/vm/mmap-over-code tests/vm/mmap-over-code.result
[32mpass tests/vm/mmap-over-code
[0mpintos -v -k -T 60 --qemu  --filesys-size=2 -p tests/vm/mmap-over-data -a mmap-over-data -p ../../tests/vm/sample.txt -a sample.txt --swap-size=4 -- -q  -f run mmap-over-data < /dev/null 2> tests/vm/mmap-over-data.errors > tests/vm/mmap-over-data.output
perl -I../.. ../../tests/vm/mmap-over-data.ck tests/vm/mmap-over-data tests/vm/mmap-over-data.result
[32mpass tests/vm/mmap-over-data
[0mpintos -v -k -T 60 --qemu  --filesys-size=2 -p tests/vm/mmap-over-stk -a mmap-over-stk -p ../../tests/vm/sample.txt -a sample.txt --swap-size=4 -- -q  -f run mmap-over-stk < /dev/null 2> tests/vm/mmap-over-stk.errors > tests/vm/mmap-over-stk.output
perl -I../.. ../../tests/vm/mmap-over-stk.ck tests/vm/mmap-over-stk tests/vm/mmap-over-stk.result
[32mpass tests/vm/mmap-over-stk
[0mpintos -v -k -T 60 --qemu  --filesys-size=2 -p tests/vm/mmap-remove -a mmap-remove -p ../../tests/vm/sample.txt -a sample.txt --swap-size=4 -- -q  -f run mmap-remove < /dev/null 2> tests/vm/mmap-remove.errors > tests/vm/mmap-remove.output
perl -I../.. ../../tests/vm/mmap-remove.ck tests/vm/mmap-remove tests/vm/mmap-remove.result
[31mFAIL tests/vm/mmap-remove
[0mrun: read of mmap'd file reported bad data: FAILED
pintos -v -k -T 60 --qemu  --filesys-size=2 -p tests/vm/mmap-zero -a mmap-zero --swap-size=4 -- -q  -f run mmap-zero < /dev/null 2> tests/vm/mmap-zero.errors > tests/vm/mmap-zero.output
perl -I../.. ../../tests/vm/mmap-zero.ck tests/vm/mmap-zero tests/vm/mmap-zero.result
[32mpass tests/vm/mmap-zero
[0mpintos -v -k -T 60 --qemu  --filesys-size=2 -p tests/filesys/base/lg-create -a lg-create --swap-size=4 -- -q  -f run lg-create < /dev/null 2> tests/filesys/base/lg-create.errors > tests/filesys/base/lg-create.output
perl -I../.. ../../tests/filesys/base/lg-create.ck tests/filesys/base/lg-create tests/filesys/base/lg-create.result
[32mpass tests/filesys/base/lg-create
[0mpintos -v -k -T 60 --qemu  --filesys-size=2 -p tests/filesys/base/lg-full -a lg-full --swap-size=4 -- -q  -f run lg-full < /dev/null 2> tests/filesys/base/lg-full.errors > tests/filesys/base/lg-full.output
perl -I../.. ../../tests/filesys/base/lg-full.ck tests/filesys/base/lg-full tests/filesys/base/lg-full.result
[32mpass tests/filesys/base/lg-full
[0mpintos -v -k -T 60 --qemu  --filesys-size=2 -p tests/filesys/base/lg-random -a lg-random --swap-size=4 -- -q  -f run lg-random < /dev/null 2> tests/filesys/base/lg-random.errors > tests/filesys/base/lg-random.output
perl -I../.. ../../tests/filesys/base/lg-random.ck tests/filesys/base/lg-random tests/filesys/base/lg-random.result
[32mpass tests/filesys/base/lg-random
[0mpintos -v -k -T 60 --qemu  --filesys-size=2 -p tests/filesys/base/lg-seq-block -a lg-seq-block --swap-size=4 -- -q  -f run lg-seq-block < /dev/null 2> tests/filesys/base/lg-seq-block.errors > tests/filesys/base/lg-seq-block.output
perl -I../.. ../../tests/filesys/base/lg-seq-block.ck tests/filesys/base/lg-seq-block tests/filesys/base/lg-seq-block.result
[32mpass tests/filesys/base/lg-seq-block
[0mpintos -v -k -T 60 --qemu  --filesys-size=2 -p tests/filesys/base/lg-seq-random -a lg-seq-random --swap-size=4 -- -q  -f run lg-seq-random < /dev/null 2> tests/filesys/base/lg-seq-random.errors > tests/filesys/base/lg-seq-random.output
perl -I../.. ../../tests/filesys/base/lg-seq-random.ck tests/filesys/base/lg-seq-random tests/filesys/base/lg-seq-random.result
[32mpass tests/filesys/base/lg-seq-random
[0mpintos -v -k -T 60 --qemu  --filesys-size=2 -p tests/filesys/base/sm-create -a sm-create --swap-size=4 -- -q  -f run sm-create < /dev/null 2> tests/filesys/base/sm-create.errors > tests/filesys/base/sm-create.output
perl -I../.. ../../tests/filesys/base/sm-create.ck tests/filesys/base/sm-create tests/filesys/base/sm-create.result
[32mpass tests/filesys/base/sm-create
[0mpintos -v -k -T 60 --qemu  --filesys-size=2 -p tests/filesys/base/sm-full -a sm-full --swap-size=4 -- -q  -f run sm-full < /dev/null 2> tests/filesys/base/sm-full.errors > tests/filesys/base/sm-full.output
perl -I../.. ../../tests/filesys/base/sm-full.ck tests/filesys/base/sm-full tests/filesys/base/sm-full.result
[32mpass tests/filesys/base/sm-full
[0mpintos -v -k -T 60 --qemu  --filesys-size=2 -p tests/filesys/base/sm-random -a sm-random --swap-size=4 -- -q  -f run sm-random < /dev/null 2> tests/filesys/base/sm-random.errors > tests/filesys/base/sm-random.output
perl -I../.. ../../tests/filesys/base/sm-random.ck tests/filesys/base/sm-random tests/filesys/base/sm-random.result
[32mpass tests/filesys/base/sm-random
[0mpintos -v -k -T 60 --qemu  --filesys-size=2 -p tests/filesys/base/sm-seq-block -a sm-seq-block --swap-size=4 -- -q  -f run sm-seq-block < /dev/null 2> tests/filesys/base/sm-seq-block.errors > tests/filesys/base/sm-seq-block.output
perl -I../.. ../../tests/filesys/base/sm-seq-block.ck tests/filesys/base/sm-seq-block tests/filesys/base/sm-seq-block.result
[32mpass tests/filesys/base/sm-seq-block
[0mpintos -v -k -T 60 --qemu  --filesys-size=2 -p tests/filesys/base/sm-seq-random -a sm-seq-random --swap-size=4 -- -q  -f run sm-seq-random < /dev/null 2> tests/filesys/base/sm-seq-random.errors > tests/filesys/base/sm-seq-random.output
perl -I../.. ../../tests/filesys/base/sm-seq-random.ck tests/filesys/base/sm-seq-random tests/filesys/base/sm-seq-random.result
[32mpass tests/filesys/base/sm-seq-random
[0mpintos -v -k -T 300 --qemu  --filesys-size=2 -p tests/filesys/base/syn-read -a syn-read -p tests/filesys/base/child-syn-read -a child-syn-read --swap-size=4 -- -q  -f run syn-read < /dev/null 2> tests/filesys/base/syn-read.errors > tests/filesys/base/syn-read.output
perl -I../.. ../../tests/filesys/base/syn-read.ck tests/filesys/base/syn-read tests/filesys/base/syn-read.result
[31mFAIL tests/filesys/base/syn-read
[0mrun: open "data": FAILED
pintos -v -k -T 60 --qemu  --filesys-size=2 -p tests/filesys/base/syn-remove -a syn-remove --swap-size=4 -- -q  -f run syn-remove < /dev/null 2> tests/filesys/base/syn-remove.errors > tests/filesys/base/syn-remove.output
perl -I../.. ../../tests/filesys/base/syn-remove.ck tests/filesys/base/syn-remove tests/filesys/base/syn-remove.result
[32mpass tests/filesys/base/syn-remove
[0mpintos -v -k -T 60 --qemu  --filesys-size=2 -p tests/filesys/base/syn-write -a syn-write -p tests/filesys/base/child-syn-wrt -a child-syn-wrt --swap-size=4 -- -q  -f run syn-write < /dev/null 2> tests/filesys/base/syn-write.errors > tests/filesys/base/syn-write.output
perl -I../.. ../../tests/filesys/base/syn-write.ck tests/filesys/base/syn-write tests/filesys/base/syn-write.result
[31mFAIL tests/filesys/base/syn-write
[0mrun: ((null)) open "stuff": FAILED